{"name": "Клик по кнопке \"Показать\\скрыть пароль\" выделяет поле пароль", "status": "broken", "statusDetails": {"message": "selenium.common.exceptions.TimeoutException: Message: \nStacktrace:\n\tGetHandleVerifier [0x00007FF629253E52+31618]\n\t(No symbol) [0x00007FF6291CB0B9]\n\t(No symbol) [0x00007FF62908888A]\n\t(No symbol) [0x00007FF6290D8524]\n\t(No symbol) [0x00007FF6290D862C]\n\t(No symbol) [0x00007FF62911F787]\n\t(No symbol) [0x00007FF6290FD14F]\n\t(No symbol) [0x00007FF62911CA80]\n\t(No symbol) [0x00007FF6290FCEB3]\n\t(No symbol) [0x00007FF6290CA46B]\n\t(No symbol) [0x00007FF6290CB001]\n\tGetHandleVerifier [0x00007FF62955A02D+3202397]\n\tGetHandleVerifier [0x00007FF6295A6A4D+3516285]\n\tGetHandleVerifier [0x00007FF62959C4C0+3473904]\n\tGetHandleVerifier [0x00007FF629305D56+760454]\n\t(No symbol) [0x00007FF6291D6B5F]\n\t(No symbol) [0x00007FF6291D1CF4]\n\t(No symbol) [0x00007FF6291D1E82]\n\t(No symbol) [0x00007FF6291C122F]\n\tBaseThreadInitThunk [0x00007FFA4906257D+29]\n\tRtlUserThreadStart [0x00007FFA49B0AF28+40]", "trace": "self = <tests.test_password_recovery.TestPasswordRecovery object at 0x0000029EFE4E0E00>\ndriver = <selenium.webdriver.chrome.webdriver.WebDriver (session=\"e5725616480e684c1afe8e13c512ab8c\")>\n\n    @allure.title('Клик по кнопке \"Показать\\скрыть пароль\" выделяет поле пароль')\n    def test_click_on_show_hide_button_highlight_password_field(self, driver):\n        page = LoginPage(driver)\n        page.open_page(urls.login_url)\n        page.click_show_hide_password_button()\n    \n>       assert page.is_password_field_active() is True\n\ntests\\test_password_recovery.py:29: \n_ _ _ _ _ _ _ _ _ _ _ _ _ _ _ _ _ _ _ _ _ _ _ _ _ _ _ _ _ _ _ _ _ _ _ _ _ _ _ _ _ _ _ _ _ _ _ _ _ _ _ _ _ _ _ _ _ _ _ _ _ _ _ _ _ _ _ _ _ _ _ _ _ _ _ _ _ _ _ _ _ _ _ _ _ _ _ _ _ _\npages\\login_page.py:32: in is_password_field_active\n    return self.wait_and_find_element(LoginPageLocators.active_password_field_locator).is_displayed()\npages\\base_page.py:21: in wait_and_find_element\n    WebDriverWait(self.driver, 10).until(expected_conditions.visibility_of_element_located(locator))\n_ _ _ _ _ _ _ _ _ _ _ _ _ _ _ _ _ _ _ _ _ _ _ _ _ _ _ _ _ _ _ _ _ _ _ _ _ _ _ _ _ _ _ _ _ _ _ _ _ _ _ _ _ _ _ _ _ _ _ _ _ _ _ _ _ _ _ _ _ _ _ _ _ _ _ _ _ _ _ _ _ _ _ _ _ _ _ _ _ _\n\nself = <selenium.webdriver.support.wait.WebDriverWait (session=\"e5725616480e684c1afe8e13c512ab8c\")>\nmethod = <function visibility_of_element_located.<locals>._predicate at 0x0000029EFE99A520>, message = ''\n\n    def until(self, method: Callable[[D], Union[Literal[False], T]], message: str = \"\") -> T:\n        \"\"\"Calls the method provided with the driver as an argument until the \\\n        return value does not evaluate to ``False``.\n    \n        :param method: callable(WebDriver)\n        :param message: optional message for :exc:`TimeoutException`\n        :returns: the result of the last call to `method`\n        :raises: :exc:`selenium.common.exceptions.TimeoutException` if timeout occurs\n        \"\"\"\n        screen = None\n        stacktrace = None\n    \n        end_time = time.monotonic() + self._timeout\n        while True:\n            try:\n                value = method(self._driver)\n                if value:\n                    return value\n            except self._ignored_exceptions as exc:\n                screen = getattr(exc, \"screen\", None)\n                stacktrace = getattr(exc, \"stacktrace\", None)\n            time.sleep(self._poll)\n            if time.monotonic() > end_time:\n                break\n>       raise TimeoutException(message, screen, stacktrace)\nE       selenium.common.exceptions.TimeoutException: Message: \nE       Stacktrace:\nE       \tGetHandleVerifier [0x00007FF629253E52+31618]\nE       \t(No symbol) [0x00007FF6291CB0B9]\nE       \t(No symbol) [0x00007FF62908888A]\nE       \t(No symbol) [0x00007FF6290D8524]\nE       \t(No symbol) [0x00007FF6290D862C]\nE       \t(No symbol) [0x00007FF62911F787]\nE       \t(No symbol) [0x00007FF6290FD14F]\nE       \t(No symbol) [0x00007FF62911CA80]\nE       \t(No symbol) [0x00007FF6290FCEB3]\nE       \t(No symbol) [0x00007FF6290CA46B]\nE       \t(No symbol) [0x00007FF6290CB001]\nE       \tGetHandleVerifier [0x00007FF62955A02D+3202397]\nE       \tGetHandleVerifier [0x00007FF6295A6A4D+3516285]\nE       \tGetHandleVerifier [0x00007FF62959C4C0+3473904]\nE       \tGetHandleVerifier [0x00007FF629305D56+760454]\nE       \t(No symbol) [0x00007FF6291D6B5F]\nE       \t(No symbol) [0x00007FF6291D1CF4]\nE       \t(No symbol) [0x00007FF6291D1E82]\nE       \t(No symbol) [0x00007FF6291C122F]\nE       \tBaseThreadInitThunk [0x00007FFA4906257D+29]\nE       \tRtlUserThreadStart [0x00007FFA49B0AF28+40]\n\n.venv\\Lib\\site-packages\\selenium\\webdriver\\support\\wait.py:105: TimeoutException"}, "steps": [{"name": "Открыть страницу", "status": "passed", "steps": [{"name": "Ждет загрузки страницы с указанным URL.", "status": "passed", "parameters": [{"name": "url", "value": "'https://stellarburgers.nomoreparties.site/login'"}], "start": 1719675141585, "stop": 1719675141612}], "parameters": [{"name": "url", "value": "'https://stellarburgers.nomoreparties.site/login'"}], "start": 1719675140918, "stop": 1719675141612}, {"name": "Клик по кнопке отображаения пароля", "status": "passed", "steps": [{"name": "Кликаем по элементу с нужным локатором", "status": "passed", "steps": [{"name": "Ожидание доступности элемента для клика", "status": "passed", "parameters": [{"name": "locator", "value": "('xpath', \".//div[@class='input__icon input__icon-action']\")"}], "start": 1719675141613, "stop": 1719675141790}], "parameters": [{"name": "locator", "value": "('xpath', \".//div[@class='input__icon input__icon-action']\")"}], "start": 1719675141613, "stop": 1719675141820}], "start": 1719675141613, "stop": 1719675141820}, {"name": "Убедится, что поле \"пароль\" активно", "status": "broken", "statusDetails": {"message": "selenium.common.exceptions.TimeoutException: Message: \nStacktrace:\n\tGetHandleVerifier [0x00007FF629253E52+31618]\n\t(No symbol) [0x00007FF6291CB0B9]\n\t(No symbol) [0x00007FF62908888A]\n\t(No symbol) [0x00007FF6290D8524]\n\t(No symbol) [0x00007FF6290D862C]\n\t(No symbol) [0x00007FF62911F787]\n\t(No symbol) [0x00007FF6290FD14F]\n\t(No symbol) [0x00007FF62911CA80]\n\t(No symbol) [0x00007FF6290FCEB3]\n\t(No symbol) [0x00007FF6290CA46B]\n\t(No symbol) [0x00007FF6290CB001]\n\tGetHandleVerifier [0x00007FF62955A02D+3202397]\n\tGetHandleVerifier [0x00007FF6295A6A4D+3516285]\n\tGetHandleVerifier [0x00007FF62959C4C0+3473904]\n\tGetHandleVerifier [0x00007FF629305D56+760454]\n\t(No symbol) [0x00007FF6291D6B5F]\n\t(No symbol) [0x00007FF6291D1CF4]\n\t(No symbol) [0x00007FF6291D1E82]\n\t(No symbol) [0x00007FF6291C122F]\n\tBaseThreadInitThunk [0x00007FFA4906257D+29]\n\tRtlUserThreadStart [0x00007FFA49B0AF28+40]\n\n", "trace": "  File \"C:\\Users\\volod\\PycharmProjects\\Diplom_3\\.venv\\Lib\\site-packages\\allure_commons\\_allure.py\", line 192, in impl\n    return func(*a, **kw)\n           ^^^^^^^^^^^^^^\n  File \"C:\\Users\\volod\\PycharmProjects\\Diplom_3\\pages\\login_page.py\", line 32, in is_password_field_active\n    return self.wait_and_find_element(LoginPageLocators.active_password_field_locator).is_displayed()\n           ^^^^^^^^^^^^^^^^^^^^^^^^^^^^^^^^^^^^^^^^^^^^^^^^^^^^^^^^^^^^^^^^^^^^^^^^^^^\n  File \"C:\\Users\\volod\\PycharmProjects\\Diplom_3\\.venv\\Lib\\site-packages\\allure_commons\\_allure.py\", line 192, in impl\n    return func(*a, **kw)\n           ^^^^^^^^^^^^^^\n  File \"C:\\Users\\volod\\PycharmProjects\\Diplom_3\\pages\\base_page.py\", line 21, in wait_and_find_element\n    WebDriverWait(self.driver, 10).until(expected_conditions.visibility_of_element_located(locator))\n  File \"C:\\Users\\volod\\PycharmProjects\\Diplom_3\\.venv\\Lib\\site-packages\\selenium\\webdriver\\support\\wait.py\", line 105, in until\n    raise TimeoutException(message, screen, stacktrace)\n"}, "steps": [{"name": "Найти и дождаться появляения элемента", "status": "broken", "statusDetails": {"message": "selenium.common.exceptions.TimeoutException: Message: \nStacktrace:\n\tGetHandleVerifier [0x00007FF629253E52+31618]\n\t(No symbol) [0x00007FF6291CB0B9]\n\t(No symbol) [0x00007FF62908888A]\n\t(No symbol) [0x00007FF6290D8524]\n\t(No symbol) [0x00007FF6290D862C]\n\t(No symbol) [0x00007FF62911F787]\n\t(No symbol) [0x00007FF6290FD14F]\n\t(No symbol) [0x00007FF62911CA80]\n\t(No symbol) [0x00007FF6290FCEB3]\n\t(No symbol) [0x00007FF6290CA46B]\n\t(No symbol) [0x00007FF6290CB001]\n\tGetHandleVerifier [0x00007FF62955A02D+3202397]\n\tGetHandleVerifier [0x00007FF6295A6A4D+3516285]\n\tGetHandleVerifier [0x00007FF62959C4C0+3473904]\n\tGetHandleVerifier [0x00007FF629305D56+760454]\n\t(No symbol) [0x00007FF6291D6B5F]\n\t(No symbol) [0x00007FF6291D1CF4]\n\t(No symbol) [0x00007FF6291D1E82]\n\t(No symbol) [0x00007FF6291C122F]\n\tBaseThreadInitThunk [0x00007FFA4906257D+29]\n\tRtlUserThreadStart [0x00007FFA49B0AF28+40]\n\n", "trace": "  File \"C:\\Users\\volod\\PycharmProjects\\Diplom_3\\.venv\\Lib\\site-packages\\allure_commons\\_allure.py\", line 192, in impl\n    return func(*a, **kw)\n           ^^^^^^^^^^^^^^\n  File \"C:\\Users\\volod\\PycharmProjects\\Diplom_3\\pages\\base_page.py\", line 21, in wait_and_find_element\n    WebDriverWait(self.driver, 10).until(expected_conditions.visibility_of_element_located(locator))\n  File \"C:\\Users\\volod\\PycharmProjects\\Diplom_3\\.venv\\Lib\\site-packages\\selenium\\webdriver\\support\\wait.py\", line 105, in until\n    raise TimeoutException(message, screen, stacktrace)\n"}, "parameters": [{"name": "locator", "value": "('xpath', \".//div[@class='input pr-6 pl-6 input_type_text input_size_default input_status_active']\")"}], "start": 1719675141821, "stop": 1719675152287}], "start": 1719675141820, "stop": 1719675152300}], "parameters": [{"name": "driver", "value": "'Chrome'"}], "start": 1719675140918, "stop": 1719675152302, "uuid": "ed41d3f2-0286-4c5d-ae5f-2f772414e1fd", "historyId": "4d3178947b55533e8f1ac6b073499c93", "testCaseId": "df99c2eb4d31f9c1d19e84917dc6c136", "fullName": "tests.test_password_recovery.TestPasswordRecovery#test_click_on_show_hide_button_highlight_password_field", "labels": [{"name": "parentSuite", "value": "tests"}, {"name": "suite", "value": "test_password_recovery"}, {"name": "subSuite", "value": "TestPasswordRecovery"}, {"name": "host", "value": "thinkpad"}, {"name": "thread", "value": "26652-MainThread"}, {"name": "framework", "value": "pytest"}, {"name": "language", "value": "cpython3"}, {"name": "package", "value": "tests.test_password_recovery"}]}